[0;32m🃏 Starting Slack Fitness Poker Bot[0m
[1;33m📝 Configuring nginx...[0m
2025/11/08 17:42:14 [warn] 175970#175970: the "listen ... http2" directive is deprecated, use the "http2" directive instead in /etc/nginx/sites-enabled/slack-poker:8
nginx: the configuration file /etc/nginx/nginx.conf syntax is ok
nginx: configuration file /etc/nginx/nginx.conf test is successful
[0;32m✅ nginx configuration valid[0m
[0;32m✅ nginx started[0m
[1;33m🐍 Activating Python environment...[0m
./start-poker.sh: line 83: poker-env/bin/activate: No such file or directory
[1;33m🗄️ Initializing database...[0m
Connected to poker.db

  CREATE TABLE IF NOT EXISTS game (
    game_id TEXT PRIMARY KEY,
    state TEXT
  );

[0;32m🚀 Starting poker app on 127.0.0.1:5000[0m
[0;32m🌐 Available at: https://bluebirdtech.duckdns.org[0m
[1;33mPress Ctrl+C to stop[0m
[2025-11-08 17:42:14 +0000] [175966] [INFO] Starting gunicorn 23.0.0
[2025-11-08 17:42:14 +0000] [175966] [INFO] Listening at: http://127.0.0.1:5000 (175966)
[2025-11-08 17:42:14 +0000] [175966] [INFO] Using worker: sync
[2025-11-08 17:42:14 +0000] [175984] [INFO] Booting worker with pid: 175984
[2025-11-08 17:42:14 +0000] [175985] [INFO] Booting worker with pid: 175985
[2025-11-08 17:42:14 +0000] [175986] [INFO] Booting worker with pid: 175986
[2025-11-08 17:42:14 +0000] [175987] [INFO] Booting worker with pid: 175987
DEBUG:slack_bolt.App:Sending a request - url: https://slack.com/api/auth.test, query_params: {}, body_params: {}, files: {}, json_body: None, headers: {'Content-Type': 'application/x-www-form-urlencoded', 'Authorization': '(redacted)', 'User-Agent': 'Bolt/1.26.0 Python/3.13.3 slackclient/3.37.0 Linux/6.14.0-23-generic'}
DEBUG:slack_bolt.App:Sending a request - url: https://slack.com/api/auth.test, query_params: {}, body_params: {}, files: {}, json_body: None, headers: {'Content-Type': 'application/x-www-form-urlencoded', 'Authorization': '(redacted)', 'User-Agent': 'Bolt/1.26.0 Python/3.13.3 slackclient/3.37.0 Linux/6.14.0-23-generic'}
DEBUG:slack_bolt.App:Sending a request - url: https://slack.com/api/auth.test, query_params: {}, body_params: {}, files: {}, json_body: None, headers: {'Content-Type': 'application/x-www-form-urlencoded', 'Authorization': '(redacted)', 'User-Agent': 'Bolt/1.26.0 Python/3.13.3 slackclient/3.37.0 Linux/6.14.0-23-generic'}
DEBUG:slack_bolt.App:Sending a request - url: https://slack.com/api/auth.test, query_params: {}, body_params: {}, files: {}, json_body: None, headers: {'Content-Type': 'application/x-www-form-urlencoded', 'Authorization': '(redacted)', 'User-Agent': 'Bolt/1.26.0 Python/3.13.3 slackclient/3.37.0 Linux/6.14.0-23-generic'}
DEBUG:slack_bolt.App:Received the following response - status: 200, headers: {'date': 'Sat, 08 Nov 2025 17:42:16 GMT', 'server': 'Apache', 'vary': 'Accept-Encoding', 'x-slack-req-id': '2af3ea077c9b6c69df615971c6becdf3', 'x-content-type-options': 'nosniff', 'x-xss-protection': '0', 'pragma': 'no-cache', 'cache-control': 'private, no-cache, no-store, must-revalidate', 'expires': 'Sat, 26 Jul 1997 05:00:00 GMT', 'content-type': 'application/json; charset=utf-8', 'x-oauth-scopes': 'commands,reactions:read,chat:write', 'access-control-expose-headers': 'x-slack-req-id, retry-after', 'access-control-allow-headers': 'slack-route, x-slack-version-ts, x-b3-traceid, x-b3-spanid, x-b3-parentspanid, x-b3-sampled, x-b3-flags', 'strict-transport-security': 'max-age=31536000; includeSubDomains; preload', 'referrer-policy': 'no-referrer', 'x-slack-unique-id': 'aQ-A-NHC1XyGgkgocROsGgAAEDg', 'x-slack-backend': 'r', 'access-control-allow-origin': '*', 'content-length': '178', 'via': '1.1 slack-prod.tinyspeck.com, envoy-www-iad-cvojtyor,envoy-edge-pdx-lonnsgej', 'x-envoy-attempt-count': '1', 'x-envoy-upstream-service-time': '80', 'x-backend': 'main_normal main_canary_with_overflow main_control_with_overflow', 'x-server': 'slack-www-hhvm-main-iad-dxod', 'x-slack-shared-secret-outcome': 'no-match', 'x-edge-backend': 'envoy-www', 'timing-allow-origin': '*', 'alt-svc': 'h3=":443"; ma=10800, h3-29=":443"; ma=10800, quic=":443"; ma=10800', 'x-slack-edge-shared-secret-outcome': 'no-match', 'connection': 'close'}, body: {"ok":true,"url":"https:\/\/quiq.slack.com\/","team":"Quiq","user":"quiqpoker","team_id":"T0AS76491","user_id":"U031SLTR10X","bot_id":"B032799GJD8","is_enterprise_install":false}
DEBUG:slack_bolt.App:Received the following response - status: 200, headers: {'date': 'Sat, 08 Nov 2025 17:42:16 GMT', 'server': 'Apache', 'vary': 'Accept-Encoding', 'x-slack-req-id': 'f1550087c5a186e300ecf7a005a44abb', 'x-content-type-options': 'nosniff', 'x-xss-protection': '0', 'pragma': 'no-cache', 'cache-control': 'private, no-cache, no-store, must-revalidate', 'expires': 'Sat, 26 Jul 1997 05:00:00 GMT', 'content-type': 'application/json; charset=utf-8', 'x-oauth-scopes': 'commands,reactions:read,chat:write', 'access-control-expose-headers': 'x-slack-req-id, retry-after', 'access-control-allow-headers': 'slack-route, x-slack-version-ts, x-b3-traceid, x-b3-spanid, x-b3-parentspanid, x-b3-sampled, x-b3-flags', 'strict-transport-security': 'max-age=31536000; includeSubDomains; preload', 'referrer-policy': 'no-referrer', 'x-slack-unique-id': 'aQ-A-Fs4RZ6LxGsDAUwyUAAAAB8', 'x-slack-backend': 'r', 'access-control-allow-origin': '*', 'content-length': '178', 'via': '1.1 slack-prod.tinyspeck.com, envoy-www-iad-nfefthgd,envoy-edge-pdx-qcpayfal', 'x-envoy-attempt-count': '1', 'x-envoy-upstream-service-time': '84', 'x-backend': 'main_normal main_canary_with_overflow main_control_with_overflow', 'x-server': 'slack-www-hhvm-main-iad-hmlz', 'x-slack-shared-secret-outcome': 'no-match', 'x-edge-backend': 'envoy-www', 'timing-allow-origin': '*', 'alt-svc': 'h3=":443"; ma=10800, h3-29=":443"; ma=10800, quic=":443"; ma=10800', 'x-slack-edge-shared-secret-outcome': 'no-match', 'connection': 'close'}, body: {"ok":true,"url":"https:\/\/quiq.slack.com\/","team":"Quiq","user":"quiqpoker","team_id":"T0AS76491","user_id":"U031SLTR10X","bot_id":"B032799GJD8","is_enterprise_install":false}
DEBUG:slack_bolt.App:Received the following response - status: 200, headers: {'date': 'Sat, 08 Nov 2025 17:42:16 GMT', 'server': 'Apache', 'vary': 'Accept-Encoding', 'x-slack-req-id': 'a46a44739c9338b35c337a9c8293892c', 'x-content-type-options': 'nosniff', 'x-xss-protection': '0', 'pragma': 'no-cache', 'cache-control': 'private, no-cache, no-store, must-revalidate', 'expires': 'Sat, 26 Jul 1997 05:00:00 GMT', 'content-type': 'application/json; charset=utf-8', 'x-oauth-scopes': 'commands,reactions:read,chat:write', 'access-control-expose-headers': 'x-slack-req-id, retry-after', 'access-control-allow-headers': 'slack-route, x-slack-version-ts, x-b3-traceid, x-b3-spanid, x-b3-parentspanid, x-b3-sampled, x-b3-flags', 'strict-transport-security': 'max-age=31536000; includeSubDomains; preload', 'referrer-policy': 'no-referrer', 'x-slack-unique-id': 'aQ-A-KfH3FTcm6rFt2wlgwAAEBI', 'x-slack-backend': 'r', 'access-control-allow-origin': '*', 'content-length': '178', 'via': '1.1 slack-prod.tinyspeck.com, envoy-www-iad-uvlwafea,envoy-edge-pdx-pgrxgpxm', 'x-envoy-attempt-count': '1', 'x-envoy-upstream-service-time': '82', 'x-backend': 'main_normal main_canary_with_overflow main_control_with_overflow', 'x-server': 'slack-www-hhvm-main-iad-frdi', 'x-slack-shared-secret-outcome': 'no-match', 'x-edge-backend': 'envoy-www', 'timing-allow-origin': '*', 'alt-svc': 'h3=":443"; ma=10800, h3-29=":443"; ma=10800, quic=":443"; ma=10800', 'x-slack-edge-shared-secret-outcome': 'no-match', 'connection': 'close'}, body: {"ok":true,"url":"https:\/\/quiq.slack.com\/","team":"Quiq","user":"quiqpoker","team_id":"T0AS76491","user_id":"U031SLTR10X","bot_id":"B032799GJD8","is_enterprise_install":false}
DEBUG:slack_bolt.App:Received the following response - status: 200, headers: {'date': 'Sat, 08 Nov 2025 17:42:16 GMT', 'server': 'Apache', 'vary': 'Accept-Encoding', 'x-slack-req-id': '284178e302d60f06ae228095576de042', 'x-content-type-options': 'nosniff', 'x-xss-protection': '0', 'pragma': 'no-cache', 'cache-control': 'private, no-cache, no-store, must-revalidate', 'expires': 'Sat, 26 Jul 1997 05:00:00 GMT', 'content-type': 'application/json; charset=utf-8', 'x-oauth-scopes': 'commands,reactions:read,chat:write', 'access-control-expose-headers': 'x-slack-req-id, retry-after', 'access-control-allow-headers': 'slack-route, x-slack-version-ts, x-b3-traceid, x-b3-spanid, x-b3-parentspanid, x-b3-sampled, x-b3-flags', 'strict-transport-security': 'max-age=31536000; includeSubDomains; preload', 'referrer-policy': 'no-referrer', 'x-slack-unique-id': 'aQ-A-B9JYA_NsVZxWj41MwAAECo', 'x-slack-backend': 'r', 'access-control-allow-origin': '*', 'content-length': '178', 'via': '1.1 slack-prod.tinyspeck.com, envoy-www-iad-lgfoasdl,envoy-edge-pdx-ktshgutl', 'x-envoy-attempt-count': '1', 'x-envoy-upstream-service-time': '79', 'x-backend': 'main_normal main_canary_with_overflow main_control_with_overflow', 'x-server': 'slack-www-hhvm-main-iad-wirf', 'x-slack-shared-secret-outcome': 'no-match', 'x-edge-backend': 'envoy-www', 'timing-allow-origin': '*', 'alt-svc': 'h3=":443"; ma=10800, h3-29=":443"; ma=10800, quic=":443"; ma=10800', 'x-slack-edge-shared-secret-outcome': 'no-match', 'connection': 'close'}, body: {"ok":true,"url":"https:\/\/quiq.slack.com\/","team":"Quiq","user":"quiqpoker","team_id":"T0AS76491","user_id":"U031SLTR10X","bot_id":"B032799GJD8","is_enterprise_install":false}
[2025-11-08 17:49:16 +0000] [175985] [INFO] Parent changed, shutting down: <Worker 175985>
[2025-11-08 17:49:16 +0000] [175985] [INFO] Worker exiting (pid: 175985)
[2025-11-08 17:49:16 +0000] [175986] [INFO] Parent changed, shutting down: <Worker 175986>
[2025-11-08 17:49:16 +0000] [175986] [INFO] Worker exiting (pid: 175986)
[2025-11-08 17:49:16 +0000] [175987] [INFO] Parent changed, shutting down: <Worker 175987>
[2025-11-08 17:49:16 +0000] [175987] [INFO] Worker exiting (pid: 175987)
